i18n.js:143 Unsupported language: en-us
findLang @ i18n.js:143
getLocaleData @ i18n.js:119
initLocales @ i18n.js:274
await in initLocales
firstLoadInit @ script.js:657
await in firstLoadInit
(anonymous) @ script.js:11134
e @ jquery-3.5.1.min.js:2
(anonymous) @ jquery-3.5.1.min.js:2
setTimeout
(anonymous) @ jquery-3.5.1.min.js:2
c @ jquery-3.5.1.min.js:2
add @ jquery-3.5.1.min.js:2
(anonymous) @ jquery-3.5.1.min.js:2
Deferred @ jquery-3.5.1.min.js:2
then @ jquery-3.5.1.min.js:2
(anonymous) @ jquery-3.5.1.min.js:2
(anonymous) @ jquery-3.5.1.min.js:2
S @ jquery-3.5.1.min.js:2
(anonymous) @ script.js:9501
extensions.js:368  GET http://127.0.0.1:8000/scripts/extensions/third-party/chroma/manifest.json 404 (Not Found)
(anonymous) @ extensions.js:368
getManifests @ extensions.js:367
loadExtensionSettings @ extensions.js:1331
await in loadExtensionSettings
getSettings @ script.js:7011
await in getSettings
firstLoadInit @ script.js:671
await in firstLoadInit
(anonymous) @ script.js:11134
e @ jquery-3.5.1.min.js:2
(anonymous) @ jquery-3.5.1.min.js:2
setTimeout
(anonymous) @ jquery-3.5.1.min.js:2
c @ jquery-3.5.1.min.js:2
add @ jquery-3.5.1.min.js:2
(anonymous) @ jquery-3.5.1.min.js:2
Deferred @ jquery-3.5.1.min.js:2
then @ jquery-3.5.1.min.js:2
(anonymous) @ jquery-3.5.1.min.js:2
(anonymous) @ jquery-3.5.1.min.js:2
S @ jquery-3.5.1.min.js:2
(anonymous) @ script.js:9501
extensions.js:368  GET http://127.0.0.1:8000/scripts/extensions/third-party/NemoEngine/manifest.json 404 (Not Found)
(anonymous) @ extensions.js:368
getManifests @ extensions.js:367
loadExtensionSettings @ extensions.js:1331
await in loadExtensionSettings
getSettings @ script.js:7011
await in getSettings
firstLoadInit @ script.js:671
await in firstLoadInit
(anonymous) @ script.js:11134
e @ jquery-3.5.1.min.js:2
(anonymous) @ jquery-3.5.1.min.js:2
setTimeout
(anonymous) @ jquery-3.5.1.min.js:2
c @ jquery-3.5.1.min.js:2
add @ jquery-3.5.1.min.js:2
(anonymous) @ jquery-3.5.1.min.js:2
Deferred @ jquery-3.5.1.min.js:2
then @ jquery-3.5.1.min.js:2
(anonymous) @ jquery-3.5.1.min.js:2
(anonymous) @ jquery-3.5.1.min.js:2
S @ jquery-3.5.1.min.js:2
(anonymous) @ script.js:9501
extensions.js:368  GET http://127.0.0.1:8000/scripts/extensions/third-party/Hi/manifest.json 404 (Not Found)
(anonymous) @ extensions.js:368
getManifests @ extensions.js:367
loadExtensionSettings @ extensions.js:1331
await in loadExtensionSettings
getSettings @ script.js:7011
await in getSettings
firstLoadInit @ script.js:671
await in firstLoadInit
(anonymous) @ script.js:11134
e @ jquery-3.5.1.min.js:2
(anonymous) @ jquery-3.5.1.min.js:2
setTimeout
(anonymous) @ jquery-3.5.1.min.js:2
c @ jquery-3.5.1.min.js:2
add @ jquery-3.5.1.min.js:2
(anonymous) @ jquery-3.5.1.min.js:2
Deferred @ jquery-3.5.1.min.js:2
then @ jquery-3.5.1.min.js:2
(anonymous) @ jquery-3.5.1.min.js:2
(anonymous) @ jquery-3.5.1.min.js:2
S @ jquery-3.5.1.min.js:2
(anonymous) @ script.js:9501
power-user.js:3223 Window resize: 1081x854 -> 1081x854
index.js:198 No current task
system.js:121 Using default TTS Provider settings
index.js:21 [QR2] sets:  [QuickReplySet]
index.js:21 [QR2] settings:  QuickReplySettings {isEnabled: false, isCombined: false, isPopout: false, showPopoutButton: true, config: QuickReplyConfig, …}
jquery-highlight.js:7 Patching jQuery highlight
index.js:751 [RPG Companion] Starting initialization...
mobile.js:58 [RPG Mobile] ========================================
mobile.js:59 [RPG Mobile] setupMobileToggle called
mobile.js:60 [RPG Mobile] Button exists: true jQuery object: S {0: button#rpg-mobile-toggle.rpg-mobile-toggle, length: 1}
mobile.js:61 [RPG Mobile] Panel exists: true
mobile.js:62 [RPG Mobile] Window width: 1081
mobile.js:63 [RPG Mobile] Is mobile viewport (<=1000): false
mobile.js:64 [RPG Mobile] ========================================
mobile.js:75 [RPG Mobile] Loading saved FAB position: {left: '854.6666870117188px', top: '110px'}
desktop.js:106 [RPG Desktop] Desktop tabs initialized
thoughts.js:24 [RPG Thoughts] ==================== RENDERING PRESENT CHARACTERS ==================== 
thoughts.js:24 [RPG Thoughts] showCharacterThoughts setting: true
thoughts.js:24 [RPG Thoughts] Container exists: true
thoughts.js:24 [RPG Thoughts] Raw characterThoughts data: 
thoughts.js:24 [RPG Thoughts] Data length: 0 chars
thoughts.js:24 [RPG Thoughts] Enabled custom fields: (2) ['Appearance', 'Demeanor']
thoughts.js:24 [RPG Thoughts] Enabled character stats: (12) ['Energy', 'Fertility', 'Stress', 'Affection for Dev', 'Libido', 'Loyalty', 'Bladder', 'Bowel', 'Hunger', 'Cleanliness', 'Obedience to Dev', 'Dominance']
thoughts.js:24 [RPG Thoughts] Split into lines count: 1
thoughts.js:24 [RPG Thoughts] Lines: ['']
thoughts.js:24 [RPG Thoughts] ==================== PARSING COMPLETE ==================== 
thoughts.js:24 [RPG Thoughts] Total characters parsed: 
thoughts.js:24 [RPG Thoughts] Characters array: []
thoughts.js:24 [RPG Thoughts] ==================== BUILDING HTML ==================== 
thoughts.js:24 [RPG Thoughts] Starting HTML generation for 0 characters
thoughts.js:24 [RPG Thoughts] ⚠ No characters parsed - showing placeholder card 
thoughts.js:24 [RPG Thoughts] ✓ HTML rendered to container 
thoughts.js:24 [RPG Thoughts] ======================================================= 
memoryRecollection.js:717 [Memory Recollection] Setting up button via event listener
lorebookLimiter.js:16 [Lorebook Limiter] Initializing...
lorebookLimiter.js:137 [Lorebook Limiter] Setting up activation limiter...
lorebookLimiter.js:197 [Lorebook Limiter] ✅ Patched SillyTavern.getContext().getWorldInfoPrompt
htmlCleaning.js:66 [RPG Companion] HTML cleaning regex already exists, skipping import
mobile.js:498 [RPG Mobile] Skipping viewport constraint - button not visible
index.js:700 [RPG Companion] Preset "RPG Companion Trackers" already exists
index.js:841 [RPG Companion] ✅ Extension loaded successfully
dynamic-styles.js:147 Failed to insert focus rule: SyntaxError: Failed to execute 'insertRule' on 'CSSStyleSheet': Failed to parse the rule '::-webkit-scrollbar-track:focus-visible { background-color: rgba(126, 126, 126, 0.2); }'.
    at dynamic-styles.js:145:34
    at Array.forEach (<anonymous>)
    at applyDynamicFocusStyles (dynamic-styles.js:118:16)
    at dynamic-styles.js:193:13
    at Array.forEach (<anonymous>)
    at initDynamicStyles (dynamic-styles.js:191:38)
    at firstLoadInit (script.js:673:5)
    at async HTMLDocument.<anonymous> (script.js:11134:5)
(anonymous) @ dynamic-styles.js:147
applyDynamicFocusStyles @ dynamic-styles.js:118
(anonymous) @ dynamic-styles.js:193
initDynamicStyles @ dynamic-styles.js:191
firstLoadInit @ script.js:673
await in firstLoadInit
(anonymous) @ script.js:11134
e @ jquery-3.5.1.min.js:2
(anonymous) @ jquery-3.5.1.min.js:2
setTimeout
(anonymous) @ jquery-3.5.1.min.js:2
c @ jquery-3.5.1.min.js:2
add @ jquery-3.5.1.min.js:2
(anonymous) @ jquery-3.5.1.min.js:2
Deferred @ jquery-3.5.1.min.js:2
then @ jquery-3.5.1.min.js:2
(anonymous) @ jquery-3.5.1.min.js:2
(anonymous) @ jquery-3.5.1.min.js:2
S @ jquery-3.5.1.min.js:2
(anonymous) @ script.js:9501
dynamic-styles.js:147 Failed to insert focus rule: SyntaxError: Failed to execute 'insertRule' on 'CSSStyleSheet': Failed to parse the rule '.rpg-panel::-webkit-scrollbar-thumb:focus-visible, #rpg-panel-content::-webkit-scrollbar-thumb:focus-visible, .rpg-content-box::-webkit-scrollbar-thumb:focus-visible { background: var(--rpg-border); }'.
    at dynamic-styles.js:145:34
    at Array.forEach (<anonymous>)
    at applyDynamicFocusStyles (dynamic-styles.js:118:16)
    at dynamic-styles.js:193:13
    at Array.forEach (<anonymous>)
    at initDynamicStyles (dynamic-styles.js:191:38)
    at firstLoadInit (script.js:673:5)
    at async HTMLDocument.<anonymous> (script.js:11134:5)
(anonymous) @ dynamic-styles.js:147
applyDynamicFocusStyles @ dynamic-styles.js:118
(anonymous) @ dynamic-styles.js:193
initDynamicStyles @ dynamic-styles.js:191
firstLoadInit @ script.js:673
await in firstLoadInit
(anonymous) @ script.js:11134
e @ jquery-3.5.1.min.js:2
(anonymous) @ jquery-3.5.1.min.js:2
setTimeout
(anonymous) @ jquery-3.5.1.min.js:2
c @ jquery-3.5.1.min.js:2
add @ jquery-3.5.1.min.js:2
(anonymous) @ jquery-3.5.1.min.js:2
Deferred @ jquery-3.5.1.min.js:2
then @ jquery-3.5.1.min.js:2
(anonymous) @ jquery-3.5.1.min.js:2
(anonymous) @ jquery-3.5.1.min.js:2
S @ jquery-3.5.1.min.js:2
(anonymous) @ script.js:9501
dynamic-styles.js:147 Failed to insert focus rule: SyntaxError: Failed to execute 'insertRule' on 'CSSStyleSheet': Failed to parse the rule '.rpg-panel::-webkit-scrollbar-thumb:focus-visible, #rpg-panel-content::-webkit-scrollbar-thumb:focus-visible, .rpg-content-box::-webkit-scrollbar-thumb:focus-visible { background: var(--rpg-border); }'.
    at dynamic-styles.js:145:34
    at Array.forEach (<anonymous>)
    at applyDynamicFocusStyles (dynamic-styles.js:118:16)
    at dynamic-styles.js:193:13
    at Array.forEach (<anonymous>)
    at initDynamicStyles (dynamic-styles.js:191:38)
    at firstLoadInit (script.js:673:5)
    at async HTMLDocument.<anonymous> (script.js:11134:5)
(anonymous) @ dynamic-styles.js:147
applyDynamicFocusStyles @ dynamic-styles.js:118
(anonymous) @ dynamic-styles.js:193
initDynamicStyles @ dynamic-styles.js:191
firstLoadInit @ script.js:673
await in firstLoadInit
(anonymous) @ script.js:11134
e @ jquery-3.5.1.min.js:2
(anonymous) @ jquery-3.5.1.min.js:2
setTimeout
(anonymous) @ jquery-3.5.1.min.js:2
c @ jquery-3.5.1.min.js:2
add @ jquery-3.5.1.min.js:2
(anonymous) @ jquery-3.5.1.min.js:2
Deferred @ jquery-3.5.1.min.js:2
then @ jquery-3.5.1.min.js:2
(anonymous) @ jquery-3.5.1.min.js:2
(anonymous) @ jquery-3.5.1.min.js:2
S @ jquery-3.5.1.min.js:2
(anonymous) @ script.js:9501
dynamic-styles.js:147 Failed to insert focus rule: SyntaxError: Failed to execute 'insertRule' on 'CSSStyleSheet': Failed to parse the rule '.rpg-panel::-webkit-scrollbar-thumb:focus-visible, #rpg-panel-content::-webkit-scrollbar-thumb:focus-visible, .rpg-content-box::-webkit-scrollbar-thumb:focus-visible { background: var(--rpg-border); }'.
    at dynamic-styles.js:145:34
    at Array.forEach (<anonymous>)
    at applyDynamicFocusStyles (dynamic-styles.js:118:16)
    at dynamic-styles.js:193:13
    at Array.forEach (<anonymous>)
    at initDynamicStyles (dynamic-styles.js:191:38)
    at firstLoadInit (script.js:673:5)
    at async HTMLDocument.<anonymous> (script.js:11134:5)
(anonymous) @ dynamic-styles.js:147
applyDynamicFocusStyles @ dynamic-styles.js:118
(anonymous) @ dynamic-styles.js:193
initDynamicStyles @ dynamic-styles.js:191
firstLoadInit @ script.js:673
await in firstLoadInit
(anonymous) @ script.js:11134
e @ jquery-3.5.1.min.js:2
(anonymous) @ jquery-3.5.1.min.js:2
setTimeout
(anonymous) @ jquery-3.5.1.min.js:2
c @ jquery-3.5.1.min.js:2
add @ jquery-3.5.1.min.js:2
(anonymous) @ jquery-3.5.1.min.js:2
Deferred @ jquery-3.5.1.min.js:2
then @ jquery-3.5.1.min.js:2
(anonymous) @ jquery-3.5.1.min.js:2
(anonymous) @ jquery-3.5.1.min.js:2
S @ jquery-3.5.1.min.js:2
(anonymous) @ script.js:9501
dynamic-styles.js:147 Failed to insert focus rule: SyntaxError: Failed to execute 'insertRule' on 'CSSStyleSheet': Failed to parse the rule '.rpg-inventory-items::-webkit-scrollbar-thumb:focus-visible { background: var(--rpg-text); }'.
    at dynamic-styles.js:145:34
    at Array.forEach (<anonymous>)
    at applyDynamicFocusStyles (dynamic-styles.js:118:16)
    at dynamic-styles.js:193:13
    at Array.forEach (<anonymous>)
    at initDynamicStyles (dynamic-styles.js:191:38)
    at firstLoadInit (script.js:673:5)
    at async HTMLDocument.<anonymous> (script.js:11134:5)
(anonymous) @ dynamic-styles.js:147
applyDynamicFocusStyles @ dynamic-styles.js:118
(anonymous) @ dynamic-styles.js:193
initDynamicStyles @ dynamic-styles.js:191
firstLoadInit @ script.js:673
await in firstLoadInit
(anonymous) @ script.js:11134
e @ jquery-3.5.1.min.js:2
(anonymous) @ jquery-3.5.1.min.js:2
setTimeout
(anonymous) @ jquery-3.5.1.min.js:2
c @ jquery-3.5.1.min.js:2
add @ jquery-3.5.1.min.js:2
(anonymous) @ jquery-3.5.1.min.js:2
Deferred @ jquery-3.5.1.min.js:2
then @ jquery-3.5.1.min.js:2
(anonymous) @ jquery-3.5.1.min.js:2
(anonymous) @ jquery-3.5.1.min.js:2
S @ jquery-3.5.1.min.js:2
(anonymous) @ script.js:9501
dynamic-styles.js:147 Failed to insert focus rule: SyntaxError: Failed to execute 'insertRule' on 'CSSStyleSheet': Failed to parse the rule '.rpg-stats-left::-webkit-scrollbar-thumb:focus-visible { background: var(--rpg-text); }'.
    at dynamic-styles.js:145:34
    at Array.forEach (<anonymous>)
    at applyDynamicFocusStyles (dynamic-styles.js:118:16)
    at dynamic-styles.js:193:13
    at Array.forEach (<anonymous>)
    at initDynamicStyles (dynamic-styles.js:191:38)
    at firstLoadInit (script.js:673:5)
    at async HTMLDocument.<anonymous> (script.js:11134:5)
(anonymous) @ dynamic-styles.js:147
applyDynamicFocusStyles @ dynamic-styles.js:118
(anonymous) @ dynamic-styles.js:193
initDynamicStyles @ dynamic-styles.js:191
firstLoadInit @ script.js:673
await in firstLoadInit
(anonymous) @ script.js:11134
e @ jquery-3.5.1.min.js:2
(anonymous) @ jquery-3.5.1.min.js:2
setTimeout
(anonymous) @ jquery-3.5.1.min.js:2
c @ jquery-3.5.1.min.js:2
add @ jquery-3.5.1.min.js:2
(anonymous) @ jquery-3.5.1.min.js:2
Deferred @ jquery-3.5.1.min.js:2
then @ jquery-3.5.1.min.js:2
(anonymous) @ jquery-3.5.1.min.js:2
(anonymous) @ jquery-3.5.1.min.js:2
S @ jquery-3.5.1.min.js:2
(anonymous) @ script.js:9501
dynamic-styles.js:147 Failed to insert focus rule: SyntaxError: Failed to execute 'insertRule' on 'CSSStyleSheet': Failed to parse the rule '.rpg-stats-grid::-webkit-scrollbar-thumb:focus-visible { background: var(--rpg-text); }'.
    at dynamic-styles.js:145:34
    at Array.forEach (<anonymous>)
    at applyDynamicFocusStyles (dynamic-styles.js:118:16)
    at dynamic-styles.js:193:13
    at Array.forEach (<anonymous>)
    at initDynamicStyles (dynamic-styles.js:191:38)
    at firstLoadInit (script.js:673:5)
    at async HTMLDocument.<anonymous> (script.js:11134:5)
(anonymous) @ dynamic-styles.js:147
applyDynamicFocusStyles @ dynamic-styles.js:118
(anonymous) @ dynamic-styles.js:193
initDynamicStyles @ dynamic-styles.js:191
firstLoadInit @ script.js:673
await in firstLoadInit
(anonymous) @ script.js:11134
e @ jquery-3.5.1.min.js:2
(anonymous) @ jquery-3.5.1.min.js:2
setTimeout
(anonymous) @ jquery-3.5.1.min.js:2
c @ jquery-3.5.1.min.js:2
add @ jquery-3.5.1.min.js:2
(anonymous) @ jquery-3.5.1.min.js:2
Deferred @ jquery-3.5.1.min.js:2
then @ jquery-3.5.1.min.js:2
(anonymous) @ jquery-3.5.1.min.js:2
(anonymous) @ jquery-3.5.1.min.js:2
S @ jquery-3.5.1.min.js:2
(anonymous) @ script.js:9501
dynamic-styles.js:147 Failed to insert focus rule: SyntaxError: Failed to execute 'insertRule' on 'CSSStyleSheet': Failed to parse the rule '.rpg-classic-stats-grid::-webkit-scrollbar-thumb:focus-visible { background: var(--rpg-text); }'.
    at dynamic-styles.js:145:34
    at Array.forEach (<anonymous>)
    at applyDynamicFocusStyles (dynamic-styles.js:118:16)
    at dynamic-styles.js:193:13
    at Array.forEach (<anonymous>)
    at initDynamicStyles (dynamic-styles.js:191:38)
    at firstLoadInit (script.js:673:5)
    at async HTMLDocument.<anonymous> (script.js:11134:5)
(anonymous) @ dynamic-styles.js:147
applyDynamicFocusStyles @ dynamic-styles.js:118
(anonymous) @ dynamic-styles.js:193
initDynamicStyles @ dynamic-styles.js:191
firstLoadInit @ script.js:673
await in firstLoadInit
(anonymous) @ script.js:11134
e @ jquery-3.5.1.min.js:2
(anonymous) @ jquery-3.5.1.min.js:2
setTimeout
(anonymous) @ jquery-3.5.1.min.js:2
c @ jquery-3.5.1.min.js:2
add @ jquery-3.5.1.min.js:2
(anonymous) @ jquery-3.5.1.min.js:2
Deferred @ jquery-3.5.1.min.js:2
then @ jquery-3.5.1.min.js:2
(anonymous) @ jquery-3.5.1.min.js:2
(anonymous) @ jquery-3.5.1.min.js:2
S @ jquery-3.5.1.min.js:2
(anonymous) @ script.js:9501
dynamic-styles.js:147 Failed to insert focus rule: SyntaxError: Failed to execute 'insertRule' on 'CSSStyleSheet': Failed to parse the rule '.rpg-info-content::-webkit-scrollbar-thumb:focus-visible { background: var(--rpg-text); }'.
    at dynamic-styles.js:145:34
    at Array.forEach (<anonymous>)
    at applyDynamicFocusStyles (dynamic-styles.js:118:16)
    at dynamic-styles.js:193:13
    at Array.forEach (<anonymous>)
    at initDynamicStyles (dynamic-styles.js:191:38)
    at firstLoadInit (script.js:673:5)
    at async HTMLDocument.<anonymous> (script.js:11134:5)
(anonymous) @ dynamic-styles.js:147
applyDynamicFocusStyles @ dynamic-styles.js:118
(anonymous) @ dynamic-styles.js:193
initDynamicStyles @ dynamic-styles.js:191
firstLoadInit @ script.js:673
await in firstLoadInit
(anonymous) @ script.js:11134
e @ jquery-3.5.1.min.js:2
(anonymous) @ jquery-3.5.1.min.js:2
setTimeout
(anonymous) @ jquery-3.5.1.min.js:2
c @ jquery-3.5.1.min.js:2
add @ jquery-3.5.1.min.js:2
(anonymous) @ jquery-3.5.1.min.js:2
Deferred @ jquery-3.5.1.min.js:2
then @ jquery-3.5.1.min.js:2
(anonymous) @ jquery-3.5.1.min.js:2
(anonymous) @ jquery-3.5.1.min.js:2
S @ jquery-3.5.1.min.js:2
(anonymous) @ script.js:9501
dynamic-styles.js:147 Failed to insert focus rule: SyntaxError: Failed to execute 'insertRule' on 'CSSStyleSheet': Failed to parse the rule '.rpg-notebook-lines::-webkit-scrollbar-thumb:focus-visible { background: var(--rpg-text); }'.
    at dynamic-styles.js:145:34
    at Array.forEach (<anonymous>)
    at applyDynamicFocusStyles (dynamic-styles.js:118:16)
    at dynamic-styles.js:193:13
    at Array.forEach (<anonymous>)
    at initDynamicStyles (dynamic-styles.js:191:38)
    at firstLoadInit (script.js:673:5)
    at async HTMLDocument.<anonymous> (script.js:11134:5)
(anonymous) @ dynamic-styles.js:147
applyDynamicFocusStyles @ dynamic-styles.js:118
(anonymous) @ dynamic-styles.js:193
initDynamicStyles @ dynamic-styles.js:191
firstLoadInit @ script.js:673
await in firstLoadInit
(anonymous) @ script.js:11134
e @ jquery-3.5.1.min.js:2
(anonymous) @ jquery-3.5.1.min.js:2
setTimeout
(anonymous) @ jquery-3.5.1.min.js:2
c @ jquery-3.5.1.min.js:2
add @ jquery-3.5.1.min.js:2
(anonymous) @ jquery-3.5.1.min.js:2
Deferred @ jquery-3.5.1.min.js:2
then @ jquery-3.5.1.min.js:2
(anonymous) @ jquery-3.5.1.min.js:2
(anonymous) @ jquery-3.5.1.min.js:2
S @ jquery-3.5.1.min.js:2
(anonymous) @ script.js:9501
dynamic-styles.js:147 Failed to insert focus rule: SyntaxError: Failed to execute 'insertRule' on 'CSSStyleSheet': Failed to parse the rule '.rpg-character-card::-webkit-scrollbar-thumb:focus-visible { background: var(--rpg-highlight); }'.
    at dynamic-styles.js:145:34
    at Array.forEach (<anonymous>)
    at applyDynamicFocusStyles (dynamic-styles.js:118:16)
    at dynamic-styles.js:193:13
    at Array.forEach (<anonymous>)
    at initDynamicStyles (dynamic-styles.js:191:38)
    at firstLoadInit (script.js:673:5)
    at async HTMLDocument.<anonymous> (script.js:11134:5)
(anonymous) @ dynamic-styles.js:147
applyDynamicFocusStyles @ dynamic-styles.js:118
(anonymous) @ dynamic-styles.js:193
initDynamicStyles @ dynamic-styles.js:191
firstLoadInit @ script.js:673
await in firstLoadInit
(anonymous) @ script.js:11134
e @ jquery-3.5.1.min.js:2
(anonymous) @ jquery-3.5.1.min.js:2
setTimeout
(anonymous) @ jquery-3.5.1.min.js:2
c @ jquery-3.5.1.min.js:2
add @ jquery-3.5.1.min.js:2
(anonymous) @ jquery-3.5.1.min.js:2
Deferred @ jquery-3.5.1.min.js:2
then @ jquery-3.5.1.min.js:2
(anonymous) @ jquery-3.5.1.min.js:2
(anonymous) @ jquery-3.5.1.min.js:2
S @ jquery-3.5.1.min.js:2
(anonymous) @ script.js:9501
dynamic-styles.js:147 Failed to insert focus rule: SyntaxError: Failed to execute 'insertRule' on 'CSSStyleSheet': Failed to parse the rule '.rpg-character-info::-webkit-scrollbar-thumb:focus-visible { background: var(--rpg-highlight); }'.
    at dynamic-styles.js:145:34
    at Array.forEach (<anonymous>)
    at applyDynamicFocusStyles (dynamic-styles.js:118:16)
    at dynamic-styles.js:193:13
    at Array.forEach (<anonymous>)
    at initDynamicStyles (dynamic-styles.js:191:38)
    at firstLoadInit (script.js:673:5)
    at async HTMLDocument.<anonymous> (script.js:11134:5)
(anonymous) @ dynamic-styles.js:147
applyDynamicFocusStyles @ dynamic-styles.js:118
(anonymous) @ dynamic-styles.js:193
initDynamicStyles @ dynamic-styles.js:191
firstLoadInit @ script.js:673
await in firstLoadInit
(anonymous) @ script.js:11134
e @ jquery-3.5.1.min.js:2
(anonymous) @ jquery-3.5.1.min.js:2
setTimeout
(anonymous) @ jquery-3.5.1.min.js:2
c @ jquery-3.5.1.min.js:2
add @ jquery-3.5.1.min.js:2
(anonymous) @ jquery-3.5.1.min.js:2
Deferred @ jquery-3.5.1.min.js:2
then @ jquery-3.5.1.min.js:2
(anonymous) @ jquery-3.5.1.min.js:2
(anonymous) @ jquery-3.5.1.min.js:2
S @ jquery-3.5.1.min.js:2
(anonymous) @ script.js:9501
dynamic-styles.js:147 Failed to insert focus rule: SyntaxError: Failed to execute 'insertRule' on 'CSSStyleSheet': Failed to parse the rule '.rpg-character-stats::-webkit-scrollbar-thumb:focus-visible { background: var(--rpg-highlight); }'.
    at dynamic-styles.js:145:34
    at Array.forEach (<anonymous>)
    at applyDynamicFocusStyles (dynamic-styles.js:118:16)
    at dynamic-styles.js:193:13
    at Array.forEach (<anonymous>)
    at initDynamicStyles (dynamic-styles.js:191:38)
    at firstLoadInit (script.js:673:5)
    at async HTMLDocument.<anonymous> (script.js:11134:5)
(anonymous) @ dynamic-styles.js:147
applyDynamicFocusStyles @ dynamic-styles.js:118
(anonymous) @ dynamic-styles.js:193
initDynamicStyles @ dynamic-styles.js:191
firstLoadInit @ script.js:673
await in firstLoadInit
(anonymous) @ script.js:11134
e @ jquery-3.5.1.min.js:2
(anonymous) @ jquery-3.5.1.min.js:2
setTimeout
(anonymous) @ jquery-3.5.1.min.js:2
c @ jquery-3.5.1.min.js:2
add @ jquery-3.5.1.min.js:2
(anonymous) @ jquery-3.5.1.min.js:2
Deferred @ jquery-3.5.1.min.js:2
then @ jquery-3.5.1.min.js:2
(anonymous) @ jquery-3.5.1.min.js:2
(anonymous) @ jquery-3.5.1.min.js:2
S @ jquery-3.5.1.min.js:2
(anonymous) @ script.js:9501
dynamic-styles.js:147 Failed to insert focus rule: SyntaxError: Failed to execute 'insertRule' on 'CSSStyleSheet': Failed to parse the rule '.rpg-thought-bubble::-webkit-scrollbar-thumb:focus-visible { background: var(--rpg-highlight, #e94560); opacity: 0.8; }'.
    at dynamic-styles.js:145:34
    at Array.forEach (<anonymous>)
    at applyDynamicFocusStyles (dynamic-styles.js:118:16)
    at dynamic-styles.js:193:13
    at Array.forEach (<anonymous>)
    at initDynamicStyles (dynamic-styles.js:191:38)
    at firstLoadInit (script.js:673:5)
    at async HTMLDocument.<anonymous> (script.js:11134:5)
(anonymous) @ dynamic-styles.js:147
applyDynamicFocusStyles @ dynamic-styles.js:118
(anonymous) @ dynamic-styles.js:193
initDynamicStyles @ dynamic-styles.js:191
firstLoadInit @ script.js:673
await in firstLoadInit
(anonymous) @ script.js:11134
e @ jquery-3.5.1.min.js:2
(anonymous) @ jquery-3.5.1.min.js:2
setTimeout
(anonymous) @ jquery-3.5.1.min.js:2
c @ jquery-3.5.1.min.js:2
add @ jquery-3.5.1.min.js:2
(anonymous) @ jquery-3.5.1.min.js:2
Deferred @ jquery-3.5.1.min.js:2
then @ jquery-3.5.1.min.js:2
(anonymous) @ jquery-3.5.1.min.js:2
(anonymous) @ jquery-3.5.1.min.js:2
S @ jquery-3.5.1.min.js:2
(anonymous) @ script.js:9501
dynamic-styles.js:147 Failed to insert focus rule: SyntaxError: Failed to execute 'insertRule' on 'CSSStyleSheet': Failed to parse the rule '.rpg-inventory-subtabs::-webkit-scrollbar-thumb:focus-visible { background: var(--rpg-accent); }'.
    at dynamic-styles.js:145:34
    at Array.forEach (<anonymous>)
    at applyDynamicFocusStyles (dynamic-styles.js:118:16)
    at dynamic-styles.js:193:13
    at Array.forEach (<anonymous>)
    at initDynamicStyles (dynamic-styles.js:191:38)
    at firstLoadInit (script.js:673:5)
    at async HTMLDocument.<anonymous> (script.js:11134:5)
(anonymous) @ dynamic-styles.js:147
applyDynamicFocusStyles @ dynamic-styles.js:118
(anonymous) @ dynamic-styles.js:193
initDynamicStyles @ dynamic-styles.js:191
firstLoadInit @ script.js:673
await in firstLoadInit
(anonymous) @ script.js:11134
e @ jquery-3.5.1.min.js:2
(anonymous) @ jquery-3.5.1.min.js:2
setTimeout
(anonymous) @ jquery-3.5.1.min.js:2
c @ jquery-3.5.1.min.js:2
add @ jquery-3.5.1.min.js:2
(anonymous) @ jquery-3.5.1.min.js:2
Deferred @ jquery-3.5.1.min.js:2
then @ jquery-3.5.1.min.js:2
(anonymous) @ jquery-3.5.1.min.js:2
(anonymous) @ jquery-3.5.1.min.js:2
S @ jquery-3.5.1.min.js:2
(anonymous) @ script.js:9501
dynamic-styles.js:147 Failed to insert focus rule: SyntaxError: Failed to execute 'insertRule' on 'CSSStyleSheet': Failed to parse the rule '.rpg-inventory-header::-webkit-scrollbar-thumb:focus-visible { background: var(--rpg-accent); }'.
    at dynamic-styles.js:145:34
    at Array.forEach (<anonymous>)
    at applyDynamicFocusStyles (dynamic-styles.js:118:16)
    at dynamic-styles.js:193:13
    at Array.forEach (<anonymous>)
    at initDynamicStyles (dynamic-styles.js:191:38)
    at firstLoadInit (script.js:673:5)
    at async HTMLDocument.<anonymous> (script.js:11134:5)
(anonymous) @ dynamic-styles.js:147
applyDynamicFocusStyles @ dynamic-styles.js:118
(anonymous) @ dynamic-styles.js:193
initDynamicStyles @ dynamic-styles.js:191
firstLoadInit @ script.js:673
await in firstLoadInit
(anonymous) @ script.js:11134
e @ jquery-3.5.1.min.js:2
(anonymous) @ jquery-3.5.1.min.js:2
setTimeout
(anonymous) @ jquery-3.5.1.min.js:2
c @ jquery-3.5.1.min.js:2
add @ jquery-3.5.1.min.js:2
(anonymous) @ jquery-3.5.1.min.js:2
Deferred @ jquery-3.5.1.min.js:2
then @ jquery-3.5.1.min.js:2
(anonymous) @ jquery-3.5.1.min.js:2
(anonymous) @ jquery-3.5.1.min.js:2
S @ jquery-3.5.1.min.js:2
(anonymous) @ script.js:9501
dynamic-styles.js:147 Failed to insert focus rule: SyntaxError: Failed to execute 'insertRule' on 'CSSStyleSheet': Failed to parse the rule '.rpg-tabs-nav::-webkit-scrollbar-thumb:focus-visible { background: var(--rpg-highlight); }'.
    at dynamic-styles.js:145:34
    at Array.forEach (<anonymous>)
    at applyDynamicFocusStyles (dynamic-styles.js:118:16)
    at dynamic-styles.js:193:13
    at Array.forEach (<anonymous>)
    at initDynamicStyles (dynamic-styles.js:191:38)
    at firstLoadInit (script.js:673:5)
    at async HTMLDocument.<anonymous> (script.js:11134:5)
(anonymous) @ dynamic-styles.js:147
applyDynamicFocusStyles @ dynamic-styles.js:118
(anonymous) @ dynamic-styles.js:193
initDynamicStyles @ dynamic-styles.js:191
firstLoadInit @ script.js:673
await in firstLoadInit
(anonymous) @ script.js:11134
e @ jquery-3.5.1.min.js:2
(anonymous) @ jquery-3.5.1.min.js:2
setTimeout
(anonymous) @ jquery-3.5.1.min.js:2
c @ jquery-3.5.1.min.js:2
add @ jquery-3.5.1.min.js:2
(anonymous) @ jquery-3.5.1.min.js:2
Deferred @ jquery-3.5.1.min.js:2
then @ jquery-3.5.1.min.js:2
(anonymous) @ jquery-3.5.1.min.js:2
(anonymous) @ jquery-3.5.1.min.js:2
S @ jquery-3.5.1.min.js:2
(anonymous) @ script.js:9501
memoryRecollection.js:728 [Memory Recollection] app_ready event fired
memoryRecollection.js:758 [Memory Recollection] Attempting to add button...
memoryRecollection.js:777 [Memory Recollection] Found container with selector: #WorldInfo .justifyLeft <div class=​"range-block-title justifyLeft">​…​</div>​
memoryRecollection.js:817 [Memory Recollection] ✅ Button added successfully!
memoryRecollection.js:754 [Memory Recollection] Button already exists
lorebookLimiter.js:46 [Lorebook Limiter] Attached to WI drawer button
lorebookLimiter.js:69 [Lorebook Limiter] Injecting UI...
lorebookLimiter.js:91 [Lorebook Limiter] Found Memory Recollection button, injecting slider after it
lorebookLimiter.js:129 [Lorebook Limiter] ✅ UI injected successfully
utils.js:1663 Uncaught (in promise) Error: Timed out waiting for condition to be true
    at utils.js:1663:23
(anonymous) @ utils.js:1663
setTimeout
(anonymous) @ utils.js:1660
waitUntilCondition @ utils.js:1659
bindConnectionProfilesSelect @ index.js:349
(anonymous) @ index.js:681
g @ eventemitter.js:193
EventEmitter.emit @ eventemitter.js:146
await in EventEmitter.emit
firstLoadInit @ script.js:705
await in firstLoadInit
(anonymous) @ script.js:11134
e @ jquery-3.5.1.min.js:2
(anonymous) @ jquery-3.5.1.min.js:2
setTimeout
(anonymous) @ jquery-3.5.1.min.js:2
c @ jquery-3.5.1.min.js:2
add @ jquery-3.5.1.min.js:2
(anonymous) @ jquery-3.5.1.min.js:2
Deferred @ jquery-3.5.1.min.js:2
then @ jquery-3.5.1.min.js:2
(anonymous) @ jquery-3.5.1.min.js:2
(anonymous) @ jquery-3.5.1.min.js:2
S @ jquery-3.5.1.min.js:2
(anonymous) @ script.js:9501
extensions.js:290  GET http://localhost:5100/api/modules net::ERR_CONNECTION_REFUSED
doExtrasFetch @ extensions.js:290
connectToApi @ extensions.js:570
loadExtensionSettings @ extensions.js:1339
await in loadExtensionSettings
getSettings @ script.js:7011
await in getSettings
firstLoadInit @ script.js:671
await in firstLoadInit
(anonymous) @ script.js:11134
e @ jquery-3.5.1.min.js:2
(anonymous) @ jquery-3.5.1.min.js:2
setTimeout
(anonymous) @ jquery-3.5.1.min.js:2
c @ jquery-3.5.1.min.js:2
add @ jquery-3.5.1.min.js:2
(anonymous) @ jquery-3.5.1.min.js:2
Deferred @ jquery-3.5.1.min.js:2
then @ jquery-3.5.1.min.js:2
(anonymous) @ jquery-3.5.1.min.js:2
(anonymous) @ jquery-3.5.1.min.js:2
S @ jquery-3.5.1.min.js:2
(anonymous) @ script.js:9501
